2025-05-21 14:10:10 INFO  c.e.PortailRH.PortailRhApplication - Starting PortailRhApplication using Java 23.0.1 with PID 36824 (C:\Users\MSI\Desktop\Portail-RH-Interactif\backend\PortailRH\target\classes started by MSI in C:\Users\MSI\Desktop\Portail-RH-Interactif\backend\PortailRH)
2025-05-21 14:10:10 INFO  c.e.PortailRH.PortailRhApplication - No active profile set, falling back to 1 default profile: "default"
2025-05-21 14:10:10 INFO  o.s.b.d.e.DevToolsPropertyDefaultsPostProcessor - Devtools property defaults active! Set 'spring.devtools.add-properties' to 'false' to disable
2025-05-21 14:10:10 INFO  o.s.b.d.e.DevToolsPropertyDefaultsPostProcessor - For additional web related logging consider setting the 'logging.level.web' property to 'DEBUG'
2025-05-21 14:10:17 INFO  o.s.d.r.c.RepositoryConfigurationDelegate - Bootstrapping Spring Data MongoDB repositories in DEFAULT mode.
2025-05-21 14:10:17 INFO  o.s.d.r.c.RepositoryConfigurationDelegate - Finished Spring Data repository scanning in 292 ms. Found 21 MongoDB repository interfaces.
2025-05-21 14:10:18 INFO  c.u.j.c.EnableEncryptablePropertiesBeanFactoryPostProcessor - Post-processing PropertySource instances
2025-05-21 14:10:18 INFO  c.u.j.EncryptablePropertySourceConverter - Skipping PropertySource configurationProperties [class org.springframework.boot.context.properties.source.ConfigurationPropertySourcesPropertySource
2025-05-21 14:10:18 INFO  c.u.j.EncryptablePropertySourceConverter - Skipping PropertySource servletConfigInitParams [class org.springframework.core.env.PropertySource$StubPropertySource
2025-05-21 14:10:18 INFO  c.u.j.EncryptablePropertySourceConverter - Skipping PropertySource servletContextInitParams [class org.springframework.core.env.PropertySource$StubPropertySource
2025-05-21 14:10:18 INFO  c.u.j.EncryptablePropertySourceConverter - Converting PropertySource systemProperties [org.springframework.core.env.PropertiesPropertySource] to EncryptableMapPropertySourceWrapper
2025-05-21 14:10:18 INFO  c.u.j.EncryptablePropertySourceConverter - Converting PropertySource systemEnvironment [org.springframework.boot.env.SystemEnvironmentPropertySourceEnvironmentPostProcessor$OriginAwareSystemEnvironmentPropertySource] to EncryptableSystemEnvironmentPropertySourceWrapper
2025-05-21 14:10:18 INFO  c.u.j.EncryptablePropertySourceConverter - Converting PropertySource random [org.springframework.boot.env.RandomValuePropertySource] to EncryptablePropertySourceWrapper
2025-05-21 14:10:18 INFO  c.u.j.EncryptablePropertySourceConverter - Converting PropertySource Config resource 'class path resource [application.properties]' via location 'optional:classpath:/' [org.springframework.boot.env.OriginTrackedMapPropertySource] to EncryptableMapPropertySourceWrapper
2025-05-21 14:10:18 INFO  c.u.j.EncryptablePropertySourceConverter - Converting PropertySource devtools [org.springframework.core.env.MapPropertySource] to EncryptableMapPropertySourceWrapper
2025-05-21 14:10:18 INFO  c.u.j.EncryptablePropertySourceConverter - Converting PropertySource applicationInfo [org.springframework.boot.ApplicationInfoPropertySource] to EncryptableMapPropertySourceWrapper
2025-05-21 14:10:19 INFO  c.u.j.f.DefaultLazyPropertyFilter - Property Filter custom Bean not found with name 'encryptablePropertyFilter'. Initializing Default Property Filter
2025-05-21 14:10:19 INFO  c.u.j.r.DefaultLazyPropertyResolver - Property Resolver custom Bean not found with name 'encryptablePropertyResolver'. Initializing Default Property Resolver
2025-05-21 14:10:19 INFO  c.u.j.d.DefaultLazyPropertyDetector - Property Detector custom Bean not found with name 'encryptablePropertyDetector'. Initializing Default Property Detector
2025-05-21 14:10:19 INFO  o.s.b.w.e.tomcat.TomcatWebServer - Tomcat initialized with port 8080 (http)
2025-05-21 14:10:19 INFO  o.a.catalina.core.StandardService - Starting service [Tomcat]
2025-05-21 14:10:19 INFO  o.a.catalina.core.StandardEngine - Starting Servlet engine: [Apache Tomcat/10.1.34]
2025-05-21 14:10:20 INFO  o.a.c.c.C.[Tomcat].[localhost].[/] - Initializing Spring embedded WebApplicationContext
2025-05-21 14:10:20 INFO  o.s.b.w.s.c.ServletWebServerApplicationContext - Root WebApplicationContext: initialization completed in 9977 ms
2025-05-21 14:10:29 INFO  org.mongodb.driver.client - MongoClient with metadata {"driver": {"name": "mongo-java-driver|sync|spring-boot", "version": "5.2.1"}, "os": {"type": "Windows", "name": "Windows 11", "architecture": "amd64", "version": "10.0"}, "platform": "Java/Oracle Corporation/23.0.1+11-39"} created with settings MongoClientSettings{readPreference=primary, writeConcern=WriteConcern{w=majority, wTimeout=null ms, journal=null}, retryWrites=true, retryReads=true, readConcern=ReadConcern{level=null}, credential=MongoCredential{mechanism=null, userName='fidaIslem', source='admin', password=<hidden>, mechanismProperties=<hidden>}, transportSettings=null, commandListeners=[io.micrometer.core.instrument.binder.mongodb.MongoMetricsCommandListener@2e3c24bc], codecRegistry=ProvidersCodecRegistry{codecProviders=[ValueCodecProvider{}, BsonValueCodecProvider{}, DBRefCodecProvider{}, DBObjectCodecProvider{}, DocumentCodecProvider{}, CollectionCodecProvider{}, IterableCodecProvider{}, MapCodecProvider{}, GeoJsonCodecProvider{}, GridFSFileCodecProvider{}, Jsr310CodecProvider{}, JsonObjectCodecProvider{}, BsonCodecProvider{}, EnumCodecProvider{}, com.mongodb.client.model.mql.ExpressionCodecProvider@5ce751db, com.mongodb.Jep395RecordCodecProvider@1b1e2ce9, com.mongodb.KotlinCodecProvider@47a59960]}, loggerSettings=LoggerSettings{maxDocumentLength=1000}, clusterSettings={hosts=[127.0.0.1:27017], srvHost=portailrh.lhwzf.mongodb.net, srvServiceName=mongodb, mode=MULTIPLE, requiredClusterType=REPLICA_SET, requiredReplicaSetName='atlas-ezehsa-shard-0', serverSelector='null', clusterListeners='[]', serverSelectionTimeout='30000 ms', localThreshold='15 ms'}, socketSettings=SocketSettings{connectTimeoutMS=10000, readTimeoutMS=0, receiveBufferSize=0, proxySettings=ProxySettings{host=null, port=null, username=null, password=null}}, heartbeatSocketSettings=SocketSettings{connectTimeoutMS=10000, readTimeoutMS=10000, receiveBufferSize=0, proxySettings=ProxySettings{host=null, port=null, username=null, password=null}}, connectionPoolSettings=ConnectionPoolSettings{maxSize=100, minSize=0, maxWaitTimeMS=120000, maxConnectionLifeTimeMS=0, maxConnectionIdleTimeMS=0, maintenanceInitialDelayMS=0, maintenanceFrequencyMS=60000, connectionPoolListeners=[io.micrometer.core.instrument.binder.mongodb.MongoMetricsConnectionPoolListener@8f35cec], maxConnecting=2}, serverSettings=ServerSettings{heartbeatFrequencyMS=10000, minHeartbeatFrequencyMS=500, serverMonitoringMode=AUTO, serverListeners='[]', serverMonitorListeners='[]'}, sslSettings=SslSettings{enabled=true, invalidHostNameAllowed=false, context=null}, applicationName='null', compressorList=[], uuidRepresentation=JAVA_LEGACY, serverApi=null, autoEncryptionSettings=null, dnsClient=null, inetAddressResolver=null, contextProvider=null, timeoutMS=null}
2025-05-21 14:10:29 WARN  o.s.d.m.c.m.BasicMongoPersistentProperty - Customizing field name for id property 'com.example.PortailRH.Model.Response_chefs_dem_conge.id' is not allowed; Custom name ('id_libre_demande') will not be considered
2025-05-21 14:10:29 INFO  o.s.b.d.a.OptionalLiveReloadServer - LiveReload server is running on port 35729
2025-05-21 14:10:30 INFO  c.e.PortailRH.Config.MongoConfig - Configuring MappingMongoConverter with dot replacement.
2025-05-21 14:10:30 INFO  c.e.PortailRH.Config.MongoConfig - Set MapKeyDotReplacement to '_'
2025-05-21 14:10:31 INFO  c.e.P.Controller.CandidatController - Upload directory verified/created: C:\Users\MSI\Desktop\Portail-RH-Interactif\backend\PortailRH\uploads\cvs
2025-05-21 14:10:32 WARN  o.s.b.a.s.s.UserDetailsServiceAutoConfiguration - 

Using generated security password: 1de78ac8-9ce8-4c0c-a53d-5eb7372f3b18

This generated password is for development use only. Your security configuration must be updated before running your application in production.

2025-05-21 14:10:32 INFO  o.s.s.c.a.a.c.InitializeUserDetailsBeanManagerConfigurer$InitializeUserDetailsManagerConfigurer - Global AuthenticationManager configured with UserDetailsService bean with name inMemoryUserDetailsManager
2025-05-21 14:10:33 INFO  org.mongodb.driver.cluster - Adding discovered server portailrh-shard-00-00.lhwzf.mongodb.net:27017 to client view of cluster
2025-05-21 14:10:33 INFO  org.mongodb.driver.cluster - Adding discovered server portailrh-shard-00-02.lhwzf.mongodb.net:27017 to client view of cluster
2025-05-21 14:10:33 INFO  org.mongodb.driver.cluster - Adding discovered server portailrh-shard-00-01.lhwzf.mongodb.net:27017 to client view of cluster
2025-05-21 14:10:33 INFO  o.s.b.a.e.web.EndpointLinksResolver - Exposing 1 endpoint beneath base path '/actuator'
2025-05-21 14:10:34 WARN  o.s.s.c.a.w.c.AuthorizeHttpRequestsConfigurer$AuthorizationManagerRequestMatcherRegistry - One of the patterns in [api/Personnel/addWithMatriculeAndEmail] is missing a leading slash. This is discouraged; please include the leading slash in all your request matcher patterns. In future versions of Spring Security, leaving out the leading slash will result in an exception.
2025-05-21 14:10:34 WARN  o.s.s.c.a.w.c.AuthorizeHttpRequestsConfigurer$AuthorizationManagerRequestMatcherRegistry - One of the patterns in [api/validators/chef-services/{chefId}] is missing a leading slash. This is discouraged; please include the leading slash in all your request matcher patterns. In future versions of Spring Security, leaving out the leading slash will result in an exception.
2025-05-21 14:10:34 WARN  o.s.s.c.a.w.c.AuthorizeHttpRequestsConfigurer$AuthorizationManagerRequestMatcherRegistry - One of the patterns in [api/validators/by-chef/{chefId}] is missing a leading slash. This is discouraged; please include the leading slash in all your request matcher patterns. In future versions of Spring Security, leaving out the leading slash will result in an exception.
2025-05-21 14:10:34 DEBUG o.s.s.web.DefaultSecurityFilterChain - Will secure any request with filters: DisableEncodeUrlFilter, WebAsyncManagerIntegrationFilter, SecurityContextHolderFilter, HeaderWriterFilter, CorsFilter, LogoutFilter, JwtAuthenticationFilter, RequestCacheAwareFilter, SecurityContextHolderAwareRequestFilter, AnonymousAuthenticationFilter, SessionManagementFilter, ExceptionTranslationFilter, AuthorizationFilter
2025-05-21 14:10:37 INFO  org.mongodb.driver.cluster - Monitor thread successfully connected to server with description ServerDescription{address=portailrh-shard-00-00.lhwzf.mongodb.net:27017, type=REPLICA_SET_SECONDARY, cryptd=false, state=CONNECTED, ok=true, minWireVersion=0, maxWireVersion=25, maxDocumentSize=16777216, logicalSessionTimeoutMinutes=30, roundTripTimeNanos=1873876900, minRoundTripTimeNanos=0, setName='atlas-ezehsa-shard-0', canonicalAddress=portailrh-shard-00-00.lhwzf.mongodb.net:27017, hosts=[portailrh-shard-00-00.lhwzf.mongodb.net:27017, portailrh-shard-00-01.lhwzf.mongodb.net:27017, portailrh-shard-00-02.lhwzf.mongodb.net:27017], passives=[], arbiters=[], primary='portailrh-shard-00-02.lhwzf.mongodb.net:27017', tagSet=TagSet{[Tag{name='availabilityZone', value='euw3-az1'}, Tag{name='diskState', value='READY'}, Tag{name='nodeType', value='ELECTABLE'}, Tag{name='provider', value='AWS'}, Tag{name='region', value='EU_WEST_3'}, Tag{name='workloadType', value='OPERATIONAL'}]}, electionId=null, setVersion=26, topologyVersion=TopologyVersion{processId=682b854fc48b339f6fdda2b4, counter=4}, lastWriteDate=Wed May 21 14:10:37 CET 2025, lastUpdateTimeNanos=777256801749100}
2025-05-21 14:10:37 INFO  org.mongodb.driver.cluster - Monitor thread successfully connected to server with description ServerDescription{address=portailrh-shard-00-01.lhwzf.mongodb.net:27017, type=REPLICA_SET_SECONDARY, cryptd=false, state=CONNECTED, ok=true, minWireVersion=0, maxWireVersion=25, maxDocumentSize=16777216, logicalSessionTimeoutMinutes=30, roundTripTimeNanos=2317666800, minRoundTripTimeNanos=0, setName='atlas-ezehsa-shard-0', canonicalAddress=portailrh-shard-00-01.lhwzf.mongodb.net:27017, hosts=[portailrh-shard-00-00.lhwzf.mongodb.net:27017, portailrh-shard-00-01.lhwzf.mongodb.net:27017, portailrh-shard-00-02.lhwzf.mongodb.net:27017], passives=[], arbiters=[], primary='portailrh-shard-00-02.lhwzf.mongodb.net:27017', tagSet=TagSet{[Tag{name='availabilityZone', value='euw3-az2'}, Tag{name='diskState', value='READY'}, Tag{name='nodeType', value='ELECTABLE'}, Tag{name='provider', value='AWS'}, Tag{name='region', value='EU_WEST_3'}, Tag{name='workloadType', value='OPERATIONAL'}]}, electionId=null, setVersion=26, topologyVersion=TopologyVersion{processId=682b8b3b8630398b2e00e1e1, counter=3}, lastWriteDate=Wed May 21 14:10:37 CET 2025, lastUpdateTimeNanos=777257245534500}
2025-05-21 14:10:39 INFO  org.mongodb.driver.cluster - Monitor thread successfully connected to server with description ServerDescription{address=portailrh-shard-00-02.lhwzf.mongodb.net:27017, type=REPLICA_SET_PRIMARY, cryptd=false, state=CONNECTED, ok=true, minWireVersion=0, maxWireVersion=25, maxDocumentSize=16777216, logicalSessionTimeoutMinutes=30, roundTripTimeNanos=1475063500, minRoundTripTimeNanos=0, setName='atlas-ezehsa-shard-0', canonicalAddress=portailrh-shard-00-02.lhwzf.mongodb.net:27017, hosts=[portailrh-shard-00-00.lhwzf.mongodb.net:27017, portailrh-shard-00-01.lhwzf.mongodb.net:27017, portailrh-shard-00-02.lhwzf.mongodb.net:27017], passives=[], arbiters=[], primary='portailrh-shard-00-02.lhwzf.mongodb.net:27017', tagSet=TagSet{[Tag{name='availabilityZone', value='euw3-az3'}, Tag{name='diskState', value='READY'}, Tag{name='nodeType', value='ELECTABLE'}, Tag{name='provider', value='AWS'}, Tag{name='region', value='EU_WEST_3'}, Tag{name='workloadType', value='OPERATIONAL'}]}, electionId=7fffffff000000000000003d, setVersion=26, topologyVersion=TopologyVersion{processId=682b884886e4f85c6bd014a8, counter=6}, lastWriteDate=Wed May 21 14:10:39 CET 2025, lastUpdateTimeNanos=777258480140100}
2025-05-21 14:10:39 INFO  org.mongodb.driver.cluster - Discovered replica set primary portailrh-shard-00-02.lhwzf.mongodb.net:27017 with max election id 7fffffff000000000000003d and max set version 26
2025-05-21 14:10:51 INFO  o.s.m.s.b.SimpleBrokerMessageHandler - Starting...
2025-05-21 14:10:51 INFO  o.s.m.s.b.SimpleBrokerMessageHandler - BrokerAvailabilityEvent[available=true, SimpleBrokerMessageHandler [org.springframework.messaging.simp.broker.DefaultSubscriptionRegistry@187429a1]]
2025-05-21 14:10:51 INFO  o.s.m.s.b.SimpleBrokerMessageHandler - Started.
2025-05-21 14:10:51 INFO  o.s.b.w.e.tomcat.TomcatWebServer - Tomcat started on port 8080 (http) with context path '/'
2025-05-21 14:10:51 INFO  c.u.j.c.RefreshScopeRefreshedEventListener - Refreshing cached encryptable property sources on ServletWebServerInitializedEvent
2025-05-21 14:10:51 INFO  c.u.j.c.CachingDelegateEncryptablePropertySource - Property Source systemProperties refreshed
2025-05-21 14:10:51 INFO  c.u.j.c.CachingDelegateEncryptablePropertySource - Property Source systemEnvironment refreshed
2025-05-21 14:10:51 INFO  c.u.j.c.CachingDelegateEncryptablePropertySource - Property Source random refreshed
2025-05-21 14:10:51 INFO  c.u.j.c.CachingDelegateEncryptablePropertySource - Property Source Config resource 'class path resource [application.properties]' via location 'optional:classpath:/' refreshed
2025-05-21 14:10:51 INFO  c.u.j.c.CachingDelegateEncryptablePropertySource - Property Source devtools refreshed
2025-05-21 14:10:51 INFO  c.u.j.c.CachingDelegateEncryptablePropertySource - Property Source applicationInfo refreshed
2025-05-21 14:10:51 INFO  c.u.j.EncryptablePropertySourceConverter - Skipping PropertySource configurationProperties [class org.springframework.boot.context.properties.source.ConfigurationPropertySourcesPropertySource
2025-05-21 14:10:51 INFO  c.u.j.EncryptablePropertySourceConverter - Skipping PropertySource servletConfigInitParams [class org.springframework.core.env.PropertySource$StubPropertySource
2025-05-21 14:10:51 INFO  c.u.j.EncryptablePropertySourceConverter - Converting PropertySource servletContextInitParams [org.springframework.web.context.support.ServletContextPropertySource] to EncryptableEnumerablePropertySourceWrapper
2025-05-21 14:10:51 INFO  c.u.j.EncryptablePropertySourceConverter - Converting PropertySource Management Server [org.springframework.boot.actuate.autoconfigure.web.server.ManagementContextAutoConfiguration$SameManagementContextConfiguration$1] to EncryptablePropertySourceWrapper
2025-05-21 14:10:51 INFO  c.e.PortailRH.PortailRhApplication - Started PortailRhApplication in 42.575 seconds (process running for 48.69)
2025-05-21 14:10:51 INFO  o.a.c.c.C.[Tomcat].[localhost].[/] - Initializing Spring DispatcherServlet 'dispatcherServlet'
2025-05-21 14:10:51 INFO  o.s.web.servlet.DispatcherServlet - Initializing Servlet 'dispatcherServlet'
2025-05-21 14:10:51 INFO  o.s.web.servlet.DispatcherServlet - Completed initialization in 3 ms
2025-05-21 14:10:52 DEBUG o.s.security.web.FilterChainProxy - Securing GET /api/Personnel/byId/681e18aa50cfef3f557d66d8
2025-05-21 14:10:52 DEBUG o.s.security.web.FilterChainProxy - Securing GET /ws/info?t=1747833051723
2025-05-21 14:10:52 DEBUG o.s.security.web.FilterChainProxy - Securing GET /api/societes
2025-05-21 14:10:52 DEBUG o.s.security.web.FilterChainProxy - Securing OPTIONS /api/notifications?role=Admin
2025-05-21 14:10:52 DEBUG o.s.security.web.FilterChainProxy - Securing OPTIONS /api/notifications?role=Admin
2025-05-21 14:10:52 DEBUG o.s.security.web.FilterChainProxy - Securing GET /api/notifications?role=Admin
2025-05-21 14:10:52 DEBUG o.s.s.w.a.AnonymousAuthenticationFilter - Set SecurityContextHolder to anonymous SecurityContext
2025-05-21 14:10:52 DEBUG o.s.s.w.a.AnonymousAuthenticationFilter - Set SecurityContextHolder to anonymous SecurityContext
2025-05-21 14:10:52 DEBUG o.s.s.w.a.AnonymousAuthenticationFilter - Set SecurityContextHolder to anonymous SecurityContext
2025-05-21 14:10:52 DEBUG o.s.s.w.a.AnonymousAuthenticationFilter - Set SecurityContextHolder to anonymous SecurityContext
2025-05-21 14:10:52 DEBUG o.s.security.web.FilterChainProxy - Secured GET /api/Personnel/byId/681e18aa50cfef3f557d66d8
2025-05-21 14:10:52 DEBUG o.s.security.web.FilterChainProxy - Secured GET /api/notifications?role=Admin
2025-05-21 14:10:52 DEBUG o.s.security.web.FilterChainProxy - Secured GET /ws/info?t=1747833051723
2025-05-21 14:10:52 DEBUG o.s.security.web.FilterChainProxy - Secured GET /api/societes
2025-05-21 14:10:52 INFO  c.e.P.C.CompressionLoggingFilter - Response NOT compressed for: /ws/info
2025-05-21 14:10:52 DEBUG o.s.security.web.FilterChainProxy - Securing GET /ws/042/mwuz1w4k/websocket
2025-05-21 14:10:52 DEBUG o.s.s.w.a.AnonymousAuthenticationFilter - Set SecurityContextHolder to anonymous SecurityContext
2025-05-21 14:10:52 DEBUG o.s.security.web.FilterChainProxy - Secured GET /ws/042/mwuz1w4k/websocket
2025-05-21 14:10:52 DEBUG o.s.data.mongodb.core.MongoTemplate - find using query: {} fields: Document{{}} sort: null for class: class com.example.PortailRH.Model.Societe in collection: Société
2025-05-21 14:10:52 DEBUG o.s.data.mongodb.core.MongoTemplate - findOne using query: { "id" : "681e18aa50cfef3f557d66d8"} fields: Document{{}} for class: class com.example.PortailRH.Model.Personnel in collection: Personnel
2025-05-21 14:10:52 DEBUG o.s.data.mongodb.core.MongoTemplate - find using query: { "role" : "Admin"} fields: Document{{}} sort: { "role" : "Admin"} for class: class com.example.PortailRH.Model.Notification in collection: notifications
2025-05-21 14:10:52 INFO  c.e.P.C.CompressionLoggingFilter - Response NOT compressed for: /ws/042/mwuz1w4k/websocket
2025-05-21 14:10:53 INFO  c.e.P.C.CompressionLoggingFilter - Response compressed with GZIP for: /api/societes
2025-05-21 14:10:53 INFO  c.e.P.C.CompressionLoggingFilter - Response compressed with GZIP for: /api/Personnel/byId/681e18aa50cfef3f557d66d8
2025-05-21 14:10:53 INFO  c.e.P.C.CompressionLoggingFilter - Response compressed with GZIP for: /api/notifications
2025-05-21 14:11:51 INFO  o.s.w.s.c.WebSocketMessageBrokerStats - WebSocketSession[0 current WS(0)-HttpStream(0)-HttpPoll(0), 1 total, 0 closed abnormally (0 connect failure, 0 send limit, 0 transport error)], stompSubProtocol[processed CONNECT(1)-CONNECTED(1)-DISCONNECT(0)], stompBrokerRelay[null], inboundChannel[pool size = 9, active threads = 0, queued tasks = 0, completed tasks = 9], outboundChannel[pool size = 2, active threads = 0, queued tasks = 0, completed tasks = 2], sockJsScheduler[pool size = 12, active threads = 1, queued tasks = 1, completed tasks = 12]
